<?xml version="1.0" encoding="UTF-8"?>
<!-- Generated by org.testng.reporters.JUnitReportReporter -->
<testsuite hostname="DESKTOP-7K4NGQ6" failures="0" tests="2" name="testcases.TC003_Editlead" time="56.046" errors="0" timestamp="30 Jul 2018 06:09:37 GMT" skipped="0">
  <testcase classname="testcases.TC003_Editlead" name="login" time="27.789"/>
  <testcase classname="testcases.TC003_Editlead" name="login" time="28.257"/>
</testsuite> <!-- testcases.TC003_Editlead -->
