<?xml version="1.0" encoding="UTF-8"?>
<!-- Generated by org.testng.reporters.JUnitReportReporter -->
<testsuite hostname="DESKTOP-7K4NGQ6" failures="0" tests="1" name="testcases.TC005_duplicatelead" time="53.020" errors="0" timestamp="30 Jul 2018 14:34:14 GMT" skipped="0">
  <testcase classname="testcases.TC005_duplicatelead" name="login" time="53.020"/>
</testsuite> <!-- testcases.TC005_duplicatelead -->
