<?xml version="1.0" encoding="UTF-8"?>
<!-- Generated by org.testng.reporters.JUnitReportReporter -->
<testsuite hostname="DESKTOP-7K4NGQ6" failures="0" tests="1" name="testcases.TC006_deletelead" time="31.571" errors="0" timestamp="31 Jul 2018 07:25:51 GMT" skipped="0">
  <testcase classname="testcases.TC006_deletelead" name="login" time="31.571"/>
</testsuite> <!-- testcases.TC006_deletelead -->
