<?xml version="1.0" encoding="UTF-8"?>
<!-- Generated by org.testng.reporters.JUnitReportReporter -->
<testsuite hostname="DESKTOP-7K4NGQ6" failures="0" tests="1" name="grid.JqueryUi" time="13.781" errors="0" timestamp="31 Jul 2018 05:36:52 GMT" skipped="0">
  <testcase classname="grid.JqueryUi" name="frame" time="13.781"/>
</testsuite> <!-- grid.JqueryUi -->
