<?xml version="1.0" encoding="UTF-8"?>
<!-- Generated by org.testng.reporters.JUnitReportReporter -->
<testsuite hostname="DESKTOP-7K4NGQ6" failures="0" tests="2" name="testcases.TC001_LogIn" time="18.918" errors="0" timestamp="26 Jul 2018 06:11:35 GMT" skipped="0">
  <testcase classname="testcases.TC001_LogIn" name="login" time="7.856"/>
  <testcase classname="testcases.TC001_LogIn" name="login" time="11.062"/>
</testsuite> <!-- testcases.TC001_LogIn -->
