<?xml version="1.0" encoding="UTF-8"?>
<!-- Generated by org.testng.reporters.JUnitReportReporter -->
<testsuite hostname="DESKTOP-7K4NGQ6" failures="0" tests="2" name="testcases.TC002_Createlead" time="31.772" errors="0" timestamp="26 Jul 2018 08:59:26 GMT" skipped="0">
  <testcase classname="testcases.TC002_Createlead" name="login" time="17.629"/>
  <testcase classname="testcases.TC002_Createlead" name="login" time="14.143"/>
</testsuite> <!-- testcases.TC002_Createlead -->
