<?xml version="1.0" encoding="UTF-8"?>
<!-- Generated by org.testng.reporters.JUnitReportReporter -->
<testsuite hostname="DESKTOP-7K4NGQ6" failures="0" tests="1" name="testcases.TC004_mergelead" time="23.951" errors="0" timestamp="30 Jul 2018 09:20:02 GMT" skipped="0">
  <testcase classname="testcases.TC004_mergelead" name="login" time="23.951"/>
</testsuite> <!-- testcases.TC004_mergelead -->
